0 info it worked if it ends with ok
1 verbose cli [ '/usr/local/Cellar/node/7.4.0/bin/node',
1 verbose cli   '/usr/local/bin/npm',
1 verbose cli   'install',
1 verbose cli   'Parser' ]
2 info using npm@4.0.5
3 info using node@v7.4.0
4 verbose config Skipping project config: /Users/cesaravina/.npmrc. (matches userconfig)
5 silly loadCurrentTree Starting
6 silly install loadCurrentTree
7 silly install readLocalPackageData
8 silly fetchPackageMetaData Parser
9 silly fetchNamedPackageData Parser
10 silly mapToRegistry name Parser
11 silly mapToRegistry using default registry
12 silly mapToRegistry registry https://registry.npmjs.org/
13 silly mapToRegistry data Result {
13 silly mapToRegistry   raw: 'Parser',
13 silly mapToRegistry   scope: null,
13 silly mapToRegistry   escapedName: 'Parser',
13 silly mapToRegistry   name: 'Parser',
13 silly mapToRegistry   rawSpec: '',
13 silly mapToRegistry   spec: 'latest',
13 silly mapToRegistry   type: 'tag' }
14 silly mapToRegistry uri https://registry.npmjs.org/Parser
15 verbose request uri https://registry.npmjs.org/Parser
16 verbose request no auth needed
17 info attempt registry request try #1 at 4:43:13 PM
18 verbose request id 0f6d5fd7acaf2bc9
19 verbose etag W/"57209d43-5c1"
20 verbose lastModified Wed, 27 Apr 2016 11:06:43 GMT
21 http request GET https://registry.npmjs.org/Parser
22 http 304 https://registry.npmjs.org/Parser
23 verbose headers { date: 'Sun, 23 Apr 2017 23:43:10 GMT',
23 verbose headers   via: '1.1 varnish',
23 verbose headers   'cache-control': 'max-age=300',
23 verbose headers   etag: 'W/"57209d43-5c1"',
23 verbose headers   age: '16',
23 verbose headers   connection: 'keep-alive',
23 verbose headers   'x-served-by': 'cache-sjc3626-SJC',
23 verbose headers   'x-cache': 'HIT',
23 verbose headers   'x-cache-hits': '1',
23 verbose headers   'x-timer': 'S1492990991.788320,VS0,VE1',
23 verbose headers   vary: 'Accept-Encoding' }
24 silly get cb [ 304,
24 silly get   { date: 'Sun, 23 Apr 2017 23:43:10 GMT',
24 silly get     via: '1.1 varnish',
24 silly get     'cache-control': 'max-age=300',
24 silly get     etag: 'W/"57209d43-5c1"',
24 silly get     age: '16',
24 silly get     connection: 'keep-alive',
24 silly get     'x-served-by': 'cache-sjc3626-SJC',
24 silly get     'x-cache': 'HIT',
24 silly get     'x-cache-hits': '1',
24 silly get     'x-timer': 'S1492990991.788320,VS0,VE1',
24 silly get     vary: 'Accept-Encoding' } ]
25 verbose etag https://registry.npmjs.org/Parser from cache
26 verbose get saving Parser to /Users/cesaravina/.npm/registry.npmjs.org/Parser/.cache.json
27 verbose correctMkdir /Users/cesaravina/.npm correctMkdir not in flight; initializing
28 silly install normalizeTree
29 silly loadCurrentTree Finishing
30 silly loadIdealTree Starting
31 silly install loadIdealTree
32 silly cloneCurrentTree Starting
33 silly install cloneCurrentTreeToIdealTree
34 silly cloneCurrentTree Finishing
35 silly loadShrinkwrap Starting
36 silly install loadShrinkwrap
37 silly loadShrinkwrap Finishing
38 silly loadAllDepsIntoIdealTree Starting
39 silly install loadAllDepsIntoIdealTree
40 silly resolveWithNewModule Parser@0.0.1 checking installable status
41 silly cache add args [ 'Parser', null ]
42 verbose cache add spec Parser
43 silly cache add parsed spec Result {
43 silly cache add   raw: 'Parser',
43 silly cache add   scope: null,
43 silly cache add   escapedName: 'Parser',
43 silly cache add   name: 'Parser',
43 silly cache add   rawSpec: '',
43 silly cache add   spec: 'latest',
43 silly cache add   type: 'tag' }
44 silly addNamed Parser@latest
45 verbose addNamed "latest" is being treated as a dist-tag for Parser
46 info addNameTag [ 'Parser', 'latest' ]
47 silly mapToRegistry name Parser
48 silly mapToRegistry using default registry
49 silly mapToRegistry registry https://registry.npmjs.org/
50 silly mapToRegistry data Result {
50 silly mapToRegistry   raw: 'Parser',
50 silly mapToRegistry   scope: null,
50 silly mapToRegistry   escapedName: 'Parser',
50 silly mapToRegistry   name: 'Parser',
50 silly mapToRegistry   rawSpec: '',
50 silly mapToRegistry   spec: 'latest',
50 silly mapToRegistry   type: 'tag' }
51 silly mapToRegistry uri https://registry.npmjs.org/Parser
52 verbose addNameTag registry:https://registry.npmjs.org/Parser not in flight; fetching
53 verbose get https://registry.npmjs.org/Parser not expired, no request
54 silly addNameTag next cb for Parser with tag latest
55 silly addNamed Parser@0.0.1
56 verbose addNamed "0.0.1" is a plain semver version for Parser
57 silly cache afterAdd Parser@0.0.1
58 verbose afterAdd /Users/cesaravina/.npm/Parser/0.0.1/package/package.json not in flight; writing
59 verbose correctMkdir /Users/cesaravina/.npm correctMkdir not in flight; initializing
60 verbose afterAdd /Users/cesaravina/.npm/Parser/0.0.1/package/package.json written
61 silly loadAllDepsIntoIdealTree Finishing
62 silly loadIdealTree Finishing
63 silly currentTree noises@1.0.0
63 silly currentTree ├── accepts@1.3.3
63 silly currentTree ├── ajv@4.11.6
63 silly currentTree ├── amdefine@1.0.1
63 silly currentTree ├── ansi-escapes@1.4.0
63 silly currentTree ├── ansi-regex@2.1.1
63 silly currentTree ├── ansi-styles@2.2.1
63 silly currentTree ├── array-flatten@1.1.1
63 silly currentTree ├── asn1@0.2.3
63 silly currentTree ├── assert-plus@0.2.0
63 silly currentTree ├── async@0.2.10
63 silly currentTree ├── asynckit@0.4.0
63 silly currentTree ├── aws-sign2@0.6.0
63 silly currentTree ├── aws4@1.6.0
63 silly currentTree ├── bcrypt-pbkdf@1.0.1
63 silly currentTree ├── bignumber.js@3.1.2
63 silly currentTree ├── body-parser@1.17.1
63 silly currentTree ├── boom@2.10.1
63 silly currentTree ├── bytes@2.4.0
63 silly currentTree ├── caseless@0.12.0
63 silly currentTree ├── chalk@1.1.3
63 silly currentTree ├── cli-cursor@2.1.0
63 silly currentTree ├── cli-table@0.3.1
63 silly currentTree ├── cli-width@2.1.0
63 silly currentTree ├── co@4.6.0
63 silly currentTree ├── colors@1.0.3
63 silly currentTree ├── combined-stream@1.0.5
63 silly currentTree ├── content-disposition@0.5.2
63 silly currentTree ├── content-type@1.0.2
63 silly currentTree ├── cookie-signature@1.0.6
63 silly currentTree ├── cookie@0.3.1
63 silly currentTree ├── core-util-is@1.0.2
63 silly currentTree ├── cryptiles@2.0.5
63 silly currentTree ├─┬ dashdash@1.14.1
63 silly currentTree │ └── assert-plus@1.0.0
63 silly currentTree ├── debug@2.6.1
63 silly currentTree ├── deep-extend@0.4.1
63 silly currentTree ├── delayed-stream@1.0.0
63 silly currentTree ├── depd@1.1.0
63 silly currentTree ├── destroy@1.0.4
63 silly currentTree ├── ecc-jsbn@0.1.1
63 silly currentTree ├── ee-first@1.1.1
63 silly currentTree ├── encodeurl@1.0.1
63 silly currentTree ├── escape-html@1.0.3
63 silly currentTree ├── escape-string-regexp@1.0.5
63 silly currentTree ├── etag@1.8.0
63 silly currentTree ├── express@4.15.2
63 silly currentTree ├── extend@3.0.0
63 silly currentTree ├── external-editor@2.0.1
63 silly currentTree ├── extsprintf@1.0.2
63 silly currentTree ├── figures@2.0.0
63 silly currentTree ├─┬ finalhandler@1.0.1
63 silly currentTree │ └── debug@2.6.3
63 silly currentTree ├── forever-agent@0.6.1
63 silly currentTree ├── form-data@2.1.2
63 silly currentTree ├── forwarded@0.1.0
63 silly currentTree ├── fresh@0.5.0
63 silly currentTree ├─┬ getpass@0.1.6
63 silly currentTree │ └── assert-plus@1.0.0
63 silly currentTree ├── har-schema@1.0.5
63 silly currentTree ├── har-validator@4.2.1
63 silly currentTree ├── has-ansi@2.0.0
63 silly currentTree ├── hawk@3.1.3
63 silly currentTree ├── hoek@2.16.3
63 silly currentTree ├── http-errors@1.6.1
63 silly currentTree ├── http-signature@1.1.1
63 silly currentTree ├── http@0.0.0
63 silly currentTree ├── iconv-lite@0.4.15
63 silly currentTree ├── inherits@2.0.3
63 silly currentTree ├── inquirer@3.0.6
63 silly currentTree ├── ipaddr.js@1.3.0
63 silly currentTree ├── is-fullwidth-code-point@2.0.0
63 silly currentTree ├── is-promise@2.1.0
63 silly currentTree ├── is-typedarray@1.0.0
63 silly currentTree ├── isarray@0.0.1
63 silly currentTree ├── isstream@0.1.2
63 silly currentTree ├── jodid25519@1.0.2
63 silly currentTree ├── jsbn@0.1.1
63 silly currentTree ├── json-schema@0.2.3
63 silly currentTree ├── json-stable-stringify@1.0.1
63 silly currentTree ├── json-stringify-safe@5.0.1
63 silly currentTree ├── jsonify@0.0.0
63 silly currentTree ├─┬ jsprim@1.4.0
63 silly currentTree │ └── assert-plus@1.0.0
63 silly currentTree ├── lodash@4.17.4
63 silly currentTree ├── media-typer@0.3.0
63 silly currentTree ├── merge-descriptors@1.0.1
63 silly currentTree ├── methods@1.1.2
63 silly currentTree ├── mime-db@1.27.0
63 silly currentTree ├── mime-types@2.1.15
63 silly currentTree ├── mime@1.3.4
63 silly currentTree ├── mimic-fn@1.1.0
63 silly currentTree ├── ms@0.7.2
63 silly currentTree ├── mute-stream@0.0.7
63 silly currentTree ├── mysql@2.13.0
63 silly currentTree ├── negotiator@0.6.1
63 silly currentTree ├── oauth-sign@0.8.2
63 silly currentTree ├── on-finished@2.3.0
63 silly currentTree ├── onetime@2.0.1
63 silly currentTree ├── optimist@0.3.7
63 silly currentTree ├── os-tmpdir@1.0.2
63 silly currentTree ├── parseurl@1.3.1
63 silly currentTree ├── path-to-regexp@0.1.7
63 silly currentTree ├── performance-now@0.2.0
63 silly currentTree ├── proxy-addr@1.1.4
63 silly currentTree ├── punycode@1.4.1
63 silly currentTree ├── qs@6.4.0
63 silly currentTree ├── querystring@0.2.0
63 silly currentTree ├── range-parser@1.2.0
63 silly currentTree ├── raw-body@2.2.0
63 silly currentTree ├── readable-stream@1.1.14
63 silly currentTree ├── request@2.81.0
63 silly currentTree ├── require@2.4.20
63 silly currentTree ├── restore-cursor@2.0.0
63 silly currentTree ├── run-async@2.3.0
63 silly currentTree ├── rx@4.1.0
63 silly currentTree ├── safe-buffer@5.0.1
63 silly currentTree ├── send@0.15.1
63 silly currentTree ├── serve-static@1.12.1
63 silly currentTree ├── setprototypeof@1.0.3
63 silly currentTree ├── signal-exit@3.0.2
63 silly currentTree ├── sntp@1.0.9
63 silly currentTree ├── source-map@0.1.43
63 silly currentTree ├── spotify@0.3.0
63 silly currentTree ├── sqlstring@2.2.0
63 silly currentTree ├─┬ sshpk@1.11.0
63 silly currentTree │ └── assert-plus@1.0.0
63 silly currentTree ├── statuses@1.3.1
63 silly currentTree ├── std@0.1.40
63 silly currentTree ├── string_decoder@0.10.31
63 silly currentTree ├── string-width@2.0.0
63 silly currentTree ├── stringstream@0.0.5
63 silly currentTree ├── strip-ansi@3.0.1
63 silly currentTree ├── supports-color@2.0.0
63 silly currentTree ├── through@2.3.8
63 silly currentTree ├── tmp@0.0.31
63 silly currentTree ├── tough-cookie@2.3.2
63 silly currentTree ├── tunnel-agent@0.6.0
63 silly currentTree ├── tweetnacl@0.14.5
63 silly currentTree ├── twitter@1.7.0
63 silly currentTree ├── type-is@1.6.15
63 silly currentTree ├── uglify-js@2.3.0
63 silly currentTree ├── unpipe@1.0.0
63 silly currentTree ├─┬ url@0.11.0
63 silly currentTree │ └── punycode@1.3.2
63 silly currentTree ├── utils-merge@1.0.0
63 silly currentTree ├── uuid@3.0.1
63 silly currentTree ├── vary@1.1.1
63 silly currentTree ├── verror@1.3.6
63 silly currentTree └── wordwrap@0.0.3
64 silly idealTree noises@1.0.0
64 silly idealTree ├── accepts@1.3.3
64 silly idealTree ├── ajv@4.11.6
64 silly idealTree ├── amdefine@1.0.1
64 silly idealTree ├── ansi-escapes@1.4.0
64 silly idealTree ├── ansi-regex@2.1.1
64 silly idealTree ├── ansi-styles@2.2.1
64 silly idealTree ├── array-flatten@1.1.1
64 silly idealTree ├── asn1@0.2.3
64 silly idealTree ├── assert-plus@0.2.0
64 silly idealTree ├── async@0.2.10
64 silly idealTree ├── asynckit@0.4.0
64 silly idealTree ├── aws-sign2@0.6.0
64 silly idealTree ├── aws4@1.6.0
64 silly idealTree ├── bcrypt-pbkdf@1.0.1
64 silly idealTree ├── bignumber.js@3.1.2
64 silly idealTree ├── body-parser@1.17.1
64 silly idealTree ├── boom@2.10.1
64 silly idealTree ├── bytes@2.4.0
64 silly idealTree ├── caseless@0.12.0
64 silly idealTree ├── chalk@1.1.3
64 silly idealTree ├── cli-cursor@2.1.0
64 silly idealTree ├── cli-table@0.3.1
64 silly idealTree ├── cli-width@2.1.0
64 silly idealTree ├── co@4.6.0
64 silly idealTree ├── colors@1.0.3
64 silly idealTree ├── combined-stream@1.0.5
64 silly idealTree ├── content-disposition@0.5.2
64 silly idealTree ├── content-type@1.0.2
64 silly idealTree ├── cookie-signature@1.0.6
64 silly idealTree ├── cookie@0.3.1
64 silly idealTree ├── core-util-is@1.0.2
64 silly idealTree ├── cryptiles@2.0.5
64 silly idealTree ├─┬ dashdash@1.14.1
64 silly idealTree │ └── assert-plus@1.0.0
64 silly idealTree ├── debug@2.6.1
64 silly idealTree ├── deep-extend@0.4.1
64 silly idealTree ├── delayed-stream@1.0.0
64 silly idealTree ├── depd@1.1.0
64 silly idealTree ├── destroy@1.0.4
64 silly idealTree ├── ecc-jsbn@0.1.1
64 silly idealTree ├── ee-first@1.1.1
64 silly idealTree ├── encodeurl@1.0.1
64 silly idealTree ├── escape-html@1.0.3
64 silly idealTree ├── escape-string-regexp@1.0.5
64 silly idealTree ├── etag@1.8.0
64 silly idealTree ├── express@4.15.2
64 silly idealTree ├── extend@3.0.0
64 silly idealTree ├── external-editor@2.0.1
64 silly idealTree ├── extsprintf@1.0.2
64 silly idealTree ├── figures@2.0.0
64 silly idealTree ├─┬ finalhandler@1.0.1
64 silly idealTree │ └── debug@2.6.3
64 silly idealTree ├── forever-agent@0.6.1
64 silly idealTree ├── form-data@2.1.2
64 silly idealTree ├── forwarded@0.1.0
64 silly idealTree ├── fresh@0.5.0
64 silly idealTree ├─┬ getpass@0.1.6
64 silly idealTree │ └── assert-plus@1.0.0
64 silly idealTree ├── har-schema@1.0.5
64 silly idealTree ├── har-validator@4.2.1
64 silly idealTree ├── has-ansi@2.0.0
64 silly idealTree ├── hawk@3.1.3
64 silly idealTree ├── hoek@2.16.3
64 silly idealTree ├── http-errors@1.6.1
64 silly idealTree ├── http-signature@1.1.1
64 silly idealTree ├── http@0.0.0
64 silly idealTree ├── iconv-lite@0.4.15
64 silly idealTree ├── inherits@2.0.3
64 silly idealTree ├── inquirer@3.0.6
64 silly idealTree ├── ipaddr.js@1.3.0
64 silly idealTree ├── is-fullwidth-code-point@2.0.0
64 silly idealTree ├── is-promise@2.1.0
64 silly idealTree ├── is-typedarray@1.0.0
64 silly idealTree ├── isarray@0.0.1
64 silly idealTree ├── isstream@0.1.2
64 silly idealTree ├── jodid25519@1.0.2
64 silly idealTree ├── jsbn@0.1.1
64 silly idealTree ├── json-schema@0.2.3
64 silly idealTree ├── json-stable-stringify@1.0.1
64 silly idealTree ├── json-stringify-safe@5.0.1
64 silly idealTree ├── jsonify@0.0.0
64 silly idealTree ├─┬ jsprim@1.4.0
64 silly idealTree │ └── assert-plus@1.0.0
64 silly idealTree ├── lodash@4.17.4
64 silly idealTree ├── media-typer@0.3.0
64 silly idealTree ├── merge-descriptors@1.0.1
64 silly idealTree ├── methods@1.1.2
64 silly idealTree ├── mime-db@1.27.0
64 silly idealTree ├── mime-types@2.1.15
64 silly idealTree ├── mime@1.3.4
64 silly idealTree ├── mimic-fn@1.1.0
64 silly idealTree ├── ms@0.7.2
64 silly idealTree ├── mute-stream@0.0.7
64 silly idealTree ├── mysql@2.13.0
64 silly idealTree ├── negotiator@0.6.1
64 silly idealTree ├── oauth-sign@0.8.2
64 silly idealTree ├── on-finished@2.3.0
64 silly idealTree ├── onetime@2.0.1
64 silly idealTree ├── optimist@0.3.7
64 silly idealTree ├── os-tmpdir@1.0.2
64 silly idealTree ├── Parser@0.0.1
64 silly idealTree ├── parseurl@1.3.1
64 silly idealTree ├── path-to-regexp@0.1.7
64 silly idealTree ├── performance-now@0.2.0
64 silly idealTree ├── proxy-addr@1.1.4
64 silly idealTree ├── punycode@1.4.1
64 silly idealTree ├── qs@6.4.0
64 silly idealTree ├── querystring@0.2.0
64 silly idealTree ├── range-parser@1.2.0
64 silly idealTree ├── raw-body@2.2.0
64 silly idealTree ├── readable-stream@1.1.14
64 silly idealTree ├── request@2.81.0
64 silly idealTree ├── require@2.4.20
64 silly idealTree ├── restore-cursor@2.0.0
64 silly idealTree ├── run-async@2.3.0
64 silly idealTree ├── rx@4.1.0
64 silly idealTree ├── safe-buffer@5.0.1
64 silly idealTree ├── send@0.15.1
64 silly idealTree ├── serve-static@1.12.1
64 silly idealTree ├── setprototypeof@1.0.3
64 silly idealTree ├── signal-exit@3.0.2
64 silly idealTree ├── sntp@1.0.9
64 silly idealTree ├── source-map@0.1.43
64 silly idealTree ├── spotify@0.3.0
64 silly idealTree ├── sqlstring@2.2.0
64 silly idealTree ├─┬ sshpk@1.11.0
64 silly idealTree │ └── assert-plus@1.0.0
64 silly idealTree ├── statuses@1.3.1
64 silly idealTree ├── std@0.1.40
64 silly idealTree ├── string_decoder@0.10.31
64 silly idealTree ├── string-width@2.0.0
64 silly idealTree ├── stringstream@0.0.5
64 silly idealTree ├── strip-ansi@3.0.1
64 silly idealTree ├── supports-color@2.0.0
64 silly idealTree ├── through@2.3.8
64 silly idealTree ├── tmp@0.0.31
64 silly idealTree ├── tough-cookie@2.3.2
64 silly idealTree ├── tunnel-agent@0.6.0
64 silly idealTree ├── tweetnacl@0.14.5
64 silly idealTree ├── twitter@1.7.0
64 silly idealTree ├── type-is@1.6.15
64 silly idealTree ├── uglify-js@2.3.0
64 silly idealTree ├── unpipe@1.0.0
64 silly idealTree ├─┬ url@0.11.0
64 silly idealTree │ └── punycode@1.3.2
64 silly idealTree ├── utils-merge@1.0.0
64 silly idealTree ├── uuid@3.0.1
64 silly idealTree ├── vary@1.1.1
64 silly idealTree ├── verror@1.3.6
64 silly idealTree └── wordwrap@0.0.3
65 silly generateActionsToTake Starting
66 silly install generateActionsToTake
67 silly generateActionsToTake Finishing
68 silly diffTrees action count 1
69 silly diffTrees add Parser@0.0.1
70 silly decomposeActions action count 8
71 silly decomposeActions fetch Parser@0.0.1
72 silly decomposeActions extract Parser@0.0.1
73 silly decomposeActions test Parser@0.0.1
74 silly decomposeActions preinstall Parser@0.0.1
75 silly decomposeActions build Parser@0.0.1
76 silly decomposeActions install Parser@0.0.1
77 silly decomposeActions postinstall Parser@0.0.1
78 silly decomposeActions finalize Parser@0.0.1
79 silly runTopLevelLifecycles Starting
80 silly executeActions Starting
81 silly install executeActions
82 silly doSerial global-install 0
83 silly doParallel fetch 1
84 verbose correctMkdir /Users/cesaravina/.npm/_locks correctMkdir not in flight; initializing
85 verbose lock using /Users/cesaravina/.npm/_locks/staging-380f05ce97dbb8fc.lock for /Users/cesaravina/node_modules/.staging
86 silly doParallel extract 1
87 silly extract Parser@0.0.1
88 verbose unbuild node_modules/.staging/Parser-e161697b
89 silly gentlyRm /Users/cesaravina/node_modules/.staging/Parser-e161697b is being purged from base /Users/cesaravina
90 verbose gentlyRm don't care about contents; nuking /Users/cesaravina/node_modules/.staging/Parser-e161697b
91 verbose tar unpack /Users/cesaravina/.npm/Parser/0.0.1/package.tgz
92 verbose tar unpacking to /Users/cesaravina/node_modules/.staging/Parser-e161697b
93 silly gentlyRm /Users/cesaravina/node_modules/.staging/Parser-e161697b is being purged
94 verbose gentlyRm don't care about contents; nuking /Users/cesaravina/node_modules/.staging/Parser-e161697b
95 silly gunzTarPerm modes [ '755', '644' ]
96 silly gunzTarPerm extractEntry package.json
97 silly gunzTarPerm modified mode [ 'package.json', 438, 420 ]
98 silly gunzTarPerm extractEntry README.md
99 silly gunzTarPerm modified mode [ 'README.md', 438, 420 ]
100 silly gunzTarPerm extractEntry example_log.txt
101 silly gunzTarPerm modified mode [ 'example_log.txt', 438, 420 ]
102 silly gunzTarPerm extractEntry src/bin/my_parser
103 silly gunzTarPerm modified mode [ 'src/bin/my_parser', 438, 420 ]
104 silly gunzTarPerm extractEntry src/lib/my_parser.js
105 silly gunzTarPerm modified mode [ 'src/lib/my_parser.js', 438, 420 ]
106 silly gentlyRm /Users/cesaravina/node_modules/.staging/Parser-e161697b/node_modules is being purged
107 verbose gentlyRm don't care about contents; nuking /Users/cesaravina/node_modules/.staging/Parser-e161697b/node_modules
108 silly doParallel preinstall 1
109 silly preinstall Parser@0.0.1
110 info lifecycle Parser@0.0.1~preinstall: Parser@0.0.1
111 silly lifecycle Parser@0.0.1~preinstall: no script for preinstall, continuing
112 silly doReverseSerial remove 0
113 silly doSerial move 0
114 silly doSerial finalize 1
115 silly finalize /Users/cesaravina/node_modules/Parser
116 silly doSerial build 1
117 silly build Parser@0.0.1
118 info linkStuff Parser@0.0.1
119 silly linkStuff Parser@0.0.1 has /Users/cesaravina/node_modules as its parent node_modules
120 verbose linkBins Parser@0.0.1
121 verbose linkBins [ { Parser: './bin/my_parser' },
121 verbose linkBins   '/Users/cesaravina/node_modules/.bin',
121 verbose linkBins   false ]
122 verbose linkMans Parser@0.0.1
123 verbose unlock done using /Users/cesaravina/.npm/_locks/staging-380f05ce97dbb8fc.lock for /Users/cesaravina/node_modules/.staging
124 silly rollbackFailedOptional Starting
125 silly gentlyRm /Users/cesaravina/node_modules/Parser is being purged from base /Users/cesaravina
126 verbose gentlyRm don't care about contents; nuking /Users/cesaravina/node_modules/Parser
127 silly gentlyRm /Users/cesaravina/node_modules/Parser is being purged from base /Users/cesaravina
128 verbose gentlyRm don't care about contents; nuking /Users/cesaravina/node_modules/Parser
129 silly gentlyRm /Users/cesaravina/node_modules/Parser is being purged from base /Users/cesaravina
130 verbose gentlyRm don't care about contents; nuking /Users/cesaravina/node_modules/Parser
131 silly gentlyRm /Users/cesaravina/node_modules/Parser is being purged from base /Users/cesaravina
132 verbose gentlyRm don't care about contents; nuking /Users/cesaravina/node_modules/Parser
133 silly gentlyRm /Users/cesaravina/node_modules/Parser is being purged from base /Users/cesaravina
134 verbose gentlyRm don't care about contents; nuking /Users/cesaravina/node_modules/Parser
135 silly gentlyRm /Users/cesaravina/node_modules/Parser is being purged from base /Users/cesaravina
136 verbose gentlyRm don't care about contents; nuking /Users/cesaravina/node_modules/Parser
137 silly gentlyRm /Users/cesaravina/node_modules/Parser is being purged from base /Users/cesaravina
138 verbose gentlyRm don't care about contents; nuking /Users/cesaravina/node_modules/Parser
139 silly gentlyRm /Users/cesaravina/node_modules/Parser is being purged from base /Users/cesaravina
140 verbose gentlyRm don't care about contents; nuking /Users/cesaravina/node_modules/Parser
141 silly vacuum-fs purging /Users/cesaravina/node_modules/Parser
142 silly vacuum-fs purging /Users/cesaravina/node_modules/Parser
143 silly vacuum-fs purging /Users/cesaravina/node_modules/Parser
144 silly vacuum-fs purging /Users/cesaravina/node_modules/Parser
145 silly vacuum-fs purging /Users/cesaravina/node_modules/Parser
146 silly vacuum-fs purging /Users/cesaravina/node_modules/Parser
147 silly vacuum-fs purging /Users/cesaravina/node_modules/Parser
148 silly vacuum-fs purging /Users/cesaravina/node_modules/Parser
149 silly vacuum-fs quitting because other entries in /Users/cesaravina/node_modules
150 silly vacuum-fs quitting because other entries in /Users/cesaravina/node_modules
151 silly vacuum-fs quitting because other entries in /Users/cesaravina/node_modules
152 silly vacuum-fs quitting because other entries in /Users/cesaravina/node_modules
153 silly vacuum-fs quitting because other entries in /Users/cesaravina/node_modules
154 silly vacuum-fs quitting because other entries in /Users/cesaravina/node_modules
155 silly vacuum-fs quitting because other entries in /Users/cesaravina/node_modules
156 silly vacuum-fs quitting because other entries in /Users/cesaravina/node_modules
157 silly rollbackFailedOptional Finishing
158 silly runTopLevelLifecycles Finishing
159 silly install printInstalled
160 warn noises@1.0.0 No description
161 verbose If you need help, you may report this error at:
161 verbose     <https://github.com/npm/npm/issues>
162 warn noises@1.0.0 No repository field.
163 verbose If you need help, you may report this error at:
163 verbose     <https://github.com/npm/npm/issues>
164 verbose stack Error: ENOENT: no such file or directory, chmod '/Users/cesaravina/node_modules/Parser/bin/my_parser'
165 verbose cwd /Users/cesaravina/Desktop/Bamazon
166 error Darwin 16.5.0
167 error argv "/usr/local/Cellar/node/7.4.0/bin/node" "/usr/local/bin/npm" "install" "Parser"
168 error node v7.4.0
169 error npm  v4.0.5
170 error path /Users/cesaravina/node_modules/Parser/bin/my_parser
171 error code ENOENT
172 error errno -2
173 error syscall chmod
174 error enoent ENOENT: no such file or directory, chmod '/Users/cesaravina/node_modules/Parser/bin/my_parser'
175 error enoent ENOENT: no such file or directory, chmod '/Users/cesaravina/node_modules/Parser/bin/my_parser'
175 error enoent This is most likely not a problem with npm itself
175 error enoent and is related to npm not being able to find a file.
176 verbose exit [ -2, true ]
